<?xml version="1.0" encoding="UTF-8"?>
<coverage generated="1689253885113" clover="3.2.0">
  <project timestamp="1689253885114" name="All files">
    <metrics statements="27" coveredstatements="11" conditionals="22" coveredconditionals="11" methods="12" coveredmethods="3" elements="61" coveredelements="25" complexity="0" loc="27" ncloc="27" packages="1" files="2" classes="2"/>
    <file name="music.repository.js" path="C:\Users\User\Desktop\teste-main\src\music\music.repository.js">
      <metrics statements="11" coveredstatements="1" conditionals="4" coveredconditionals="0" methods="7" coveredmethods="0"/>
      <line num="1" count="1" type="stmt"/>
      <line num="4" count="0" type="stmt"/>
      <line num="8" count="0" type="stmt"/>
      <line num="10" count="0" type="cond" truecount="0" falsecount="2"/>
      <line num="12" count="0" type="cond" truecount="0" falsecount="2"/>
      <line num="13" count="0" type="stmt"/>
      <line num="18" count="0" type="stmt"/>
      <line num="22" count="0" type="stmt"/>
      <line num="23" count="0" type="stmt"/>
      <line num="25" count="0" type="stmt"/>
      <line num="29" count="0" type="stmt"/>
    </file>
    <file name="music.service.js" path="C:\Users\User\Desktop\teste-main\src\music\music.service.js">
      <metrics statements="16" coveredstatements="10" conditionals="18" coveredconditionals="11" methods="5" coveredmethods="3"/>
      <line num="11" count="10" type="stmt"/>
      <line num="12" count="10" type="cond" truecount="2" falsecount="0"/>
      <line num="13" count="5" type="stmt"/>
      <line num="16" count="5" type="cond" truecount="2" falsecount="0"/>
      <line num="17" count="5" type="cond" truecount="1" falsecount="1"/>
      <line num="18" count="0" type="stmt"/>
      <line num="21" count="5" type="cond" truecount="2" falsecount="0"/>
      <line num="22" count="5" type="cond" truecount="1" falsecount="1"/>
      <line num="23" count="0" type="stmt"/>
      <line num="26" count="5" type="cond" truecount="3" falsecount="1"/>
      <line num="27" count="0" type="stmt"/>
      <line num="29" count="5" type="stmt"/>
      <line num="33" count="0" type="cond" truecount="0" falsecount="2"/>
      <line num="34" count="0" type="cond" truecount="0" falsecount="2"/>
      <line num="35" count="0" type="stmt"/>
      <line num="41" count="5" type="stmt"/>
    </file>
  </project>
</coverage>
