{"C:\\Users\\User\\Desktop\\teste-main\\src\\music\\music.repository.js": {"path":"C:\\Users\\User\\Desktop\\teste-main\\src\\music\\music.repository.js","statementMap":{"0":{"start":{"line":1,"column":15},"end":{"line":1,"column":17}},"1":{"start":{"line":4,"column":2},"end":{"line":4,"column":28}},"2":{"start":{"line":8,"column":21},"end":{"line":11,"column":3}},"3":{"start":{"line":10,"column":6},"end":{"line":10,"column":80}},"4":{"start":{"line":12,"column":2},"end":{"line":14,"column":3}},"5":{"start":{"line":13,"column":4},"end":{"line":13,"column":33}},"6":{"start":{"line":18,"column":2},"end":{"line":18,"column":23}},"7":{"start":{"line":22,"column":21},"end":{"line":24,"column":3}},"8":{"start":{"line":23,"column":22},"end":{"line":23,"column":50}},"9":{"start":{"line":25,"column":2},"end":{"line":25,"column":28}},"10":{"start":{"line":29,"column":2},"end":{"line":29,"column":28}}},"fnMap":{"0":{"name":"addMusic","decl":{"start":{"line":3,"column":9},"end":{"line":3,"column":17}},"loc":{"start":{"line":3,"column":25},"end":{"line":5,"column":1}},"line":3},"1":{"name":"removeMusic","decl":{"start":{"line":7,"column":9},"end":{"line":7,"column":20}},"loc":{"start":{"line":7,"column":28},"end":{"line":15,"column":1}},"line":7},"2":{"name":"(anonymous_2)","decl":{"start":{"line":9,"column":4},"end":{"line":9,"column":5}},"loc":{"start":{"line":10,"column":6},"end":{"line":10,"column":80}},"line":10},"3":{"name":"getQtMusics","decl":{"start":{"line":17,"column":9},"end":{"line":17,"column":20}},"loc":{"start":{"line":17,"column":23},"end":{"line":19,"column":1}},"line":17},"4":{"name":"searchMusic","decl":{"start":{"line":21,"column":9},"end":{"line":21,"column":20}},"loc":{"start":{"line":21,"column":28},"end":{"line":26,"column":1}},"line":21},"5":{"name":"(anonymous_5)","decl":{"start":{"line":23,"column":4},"end":{"line":23,"column":5}},"loc":{"start":{"line":23,"column":22},"end":{"line":23,"column":50}},"line":23},"6":{"name":"listAllMusics","decl":{"start":{"line":28,"column":9},"end":{"line":28,"column":22}},"loc":{"start":{"line":28,"column":25},"end":{"line":30,"column":1}},"line":28}},"branchMap":{"0":{"loc":{"start":{"line":10,"column":6},"end":{"line":10,"column":80}},"type":"binary-expr","locations":[{"start":{"line":10,"column":6},"end":{"line":10,"column":40}},{"start":{"line":10,"column":44},"end":{"line":10,"column":80}}],"line":10},"1":{"loc":{"start":{"line":12,"column":2},"end":{"line":14,"column":3}},"type":"if","locations":[{"start":{"line":12,"column":2},"end":{"line":14,"column":3}},{"start":{},"end":{}}],"line":12}},"s":{"0":1,"1":0,"2":0,"3":0,"4":0,"5":0,"6":0,"7":0,"8":0,"9":0,"10":0},"f":{"0":0,"1":0,"2":0,"3":0,"4":0,"5":0,"6":0},"b":{"0":[0,0],"1":[0,0]},"_coverageSchema":"1a1c01bbd47fc00a2c39e90264f33305004495a9","hash":"a65c973a8921d6494b7713d473c91140e844a7d5"}
,"C:\\Users\\User\\Desktop\\teste-main\\src\\music\\music.service.js": {"path":"C:\\Users\\User\\Desktop\\teste-main\\src\\music\\music.service.js","statementMap":{"0":{"start":{"line":11,"column":27},"end":{"line":11,"column":61}},"1":{"start":{"line":12,"column":8},"end":{"line":14,"column":9}},"2":{"start":{"line":13,"column":12},"end":{"line":13,"column":49}},"3":{"start":{"line":16,"column":29},"end":{"line":16,"column":67}},"4":{"start":{"line":17,"column":8},"end":{"line":19,"column":9}},"5":{"start":{"line":18,"column":12},"end":{"line":18,"column":62}},"6":{"start":{"line":21,"column":30},"end":{"line":21,"column":69}},"7":{"start":{"line":22,"column":8},"end":{"line":24,"column":9}},"8":{"start":{"line":23,"column":12},"end":{"line":23,"column":63}},"9":{"start":{"line":26,"column":8},"end":{"line":28,"column":9}},"10":{"start":{"line":27,"column":12},"end":{"line":27,"column":56}},"11":{"start":{"line":29,"column":8},"end":{"line":29,"column":46}},"12":{"start":{"line":33,"column":22},"end":{"line":33,"column":97}},"13":{"start":{"line":33,"column":44},"end":{"line":33,"column":96}},"14":{"start":{"line":34,"column":8},"end":{"line":36,"column":9}},"15":{"start":{"line":35,"column":10},"end":{"line":35,"column":34}},"16":{"start":{"line":41,"column":8},"end":{"line":41,"column":44}}},"fnMap":{"0":{"name":"(anonymous_0)","decl":{"start":{"line":8,"column":4},"end":{"line":8,"column":5}},"loc":{"start":{"line":8,"column":19},"end":{"line":8,"column":21}},"line":8},"1":{"name":"(anonymous_1)","decl":{"start":{"line":10,"column":4},"end":{"line":10,"column":5}},"loc":{"start":{"line":10,"column":15},"end":{"line":30,"column":5}},"line":10},"2":{"name":"(anonymous_2)","decl":{"start":{"line":32,"column":4},"end":{"line":32,"column":5}},"loc":{"start":{"line":32,"column":18},"end":{"line":37,"column":7}},"line":32},"3":{"name":"(anonymous_3)","decl":{"start":{"line":33,"column":39},"end":{"line":33,"column":40}},"loc":{"start":{"line":33,"column":44},"end":{"line":33,"column":96}},"line":33},"4":{"name":"(anonymous_4)","decl":{"start":{"line":40,"column":4},"end":{"line":40,"column":5}},"loc":{"start":{"line":40,"column":17},"end":{"line":42,"column":5}},"line":40}},"branchMap":{"0":{"loc":{"start":{"line":12,"column":8},"end":{"line":14,"column":9}},"type":"if","locations":[{"start":{"line":12,"column":8},"end":{"line":14,"column":9}},{"start":{},"end":{}}],"line":12},"1":{"loc":{"start":{"line":16,"column":29},"end":{"line":16,"column":67}},"type":"binary-expr","locations":[{"start":{"line":16,"column":29},"end":{"line":16,"column":45}},{"start":{"line":16,"column":49},"end":{"line":16,"column":67}}],"line":16},"2":{"loc":{"start":{"line":17,"column":8},"end":{"line":19,"column":9}},"type":"if","locations":[{"start":{"line":17,"column":8},"end":{"line":19,"column":9}},{"start":{},"end":{}}],"line":17},"3":{"loc":{"start":{"line":21,"column":30},"end":{"line":21,"column":69}},"type":"binary-expr","locations":[{"start":{"line":21,"column":30},"end":{"line":21,"column":47}},{"start":{"line":21,"column":51},"end":{"line":21,"column":69}}],"line":21},"4":{"loc":{"start":{"line":22,"column":8},"end":{"line":24,"column":9}},"type":"if","locations":[{"start":{"line":22,"column":8},"end":{"line":24,"column":9}},{"start":{},"end":{}}],"line":22},"5":{"loc":{"start":{"line":26,"column":8},"end":{"line":28,"column":9}},"type":"if","locations":[{"start":{"line":26,"column":8},"end":{"line":28,"column":9}},{"start":{},"end":{}}],"line":26},"6":{"loc":{"start":{"line":26,"column":12},"end":{"line":26,"column":65}},"type":"binary-expr","locations":[{"start":{"line":26,"column":12},"end":{"line":26,"column":37}},{"start":{"line":26,"column":41},"end":{"line":26,"column":65}}],"line":26},"7":{"loc":{"start":{"line":33,"column":44},"end":{"line":33,"column":96}},"type":"binary-expr","locations":[{"start":{"line":33,"column":44},"end":{"line":33,"column":67}},{"start":{"line":33,"column":71},"end":{"line":33,"column":96}}],"line":33},"8":{"loc":{"start":{"line":34,"column":8},"end":{"line":36,"column":9}},"type":"if","locations":[{"start":{"line":34,"column":8},"end":{"line":36,"column":9}},{"start":{},"end":{}}],"line":34}},"s":{"0":10,"1":10,"2":5,"3":5,"4":5,"5":0,"6":5,"7":5,"8":0,"9":5,"10":0,"11":5,"12":0,"13":0,"14":0,"15":0,"16":5},"f":{"0":1,"1":10,"2":0,"3":0,"4":5},"b":{"0":[5,5],"1":[5,5],"2":[0,5],"3":[5,5],"4":[0,5],"5":[0,5],"6":[5,5],"7":[0,0],"8":[0,0]},"_coverageSchema":"1a1c01bbd47fc00a2c39e90264f33305004495a9","hash":"00044172cdf7d87a494f5804fd39888a02ba63ef"}
}
