TN:
SF:src\music\music.repository.js
FN:3,addMusic
FN:7,removeMusic
FN:9,(anonymous_2)
FN:17,getQtMusics
FN:21,searchMusic
FN:23,(anonymous_5)
FN:28,listAllMusics
FNF:7
FNH:0
FNDA:0,addMusic
FNDA:0,removeMusic
FNDA:0,(anonymous_2)
FNDA:0,getQtMusics
FNDA:0,searchMusic
FNDA:0,(anonymous_5)
FNDA:0,listAllMusics
DA:1,1
DA:4,0
DA:8,0
DA:10,0
DA:12,0
DA:13,0
DA:18,0
DA:22,0
DA:23,0
DA:25,0
DA:29,0
LF:11
LH:1
BRDA:10,0,0,0
BRDA:10,0,1,0
BRDA:12,1,0,0
BRDA:12,1,1,0
BRF:4
BRH:0
end_of_record
TN:
SF:src\music\music.service.js
FN:8,(anonymous_0)
FN:10,(anonymous_1)
FN:32,(anonymous_2)
FN:33,(anonymous_3)
FN:40,(anonymous_4)
FNF:5
FNH:3
FNDA:1,(anonymous_0)
FNDA:10,(anonymous_1)
FNDA:0,(anonymous_2)
FNDA:0,(anonymous_3)
FNDA:5,(anonymous_4)
DA:11,10
DA:12,10
DA:13,5
DA:16,5
DA:17,5
DA:18,0
DA:21,5
DA:22,5
DA:23,0
DA:26,5
DA:27,0
DA:29,5
DA:33,0
DA:34,0
DA:35,0
DA:41,5
LF:16
LH:10
BRDA:12,0,0,5
BRDA:12,0,1,5
BRDA:16,1,0,5
BRDA:16,1,1,5
BRDA:17,2,0,0
BRDA:17,2,1,5
BRDA:21,3,0,5
BRDA:21,3,1,5
BRDA:22,4,0,0
BRDA:22,4,1,5
BRDA:26,5,0,0
BRDA:26,5,1,5
BRDA:26,6,0,5
BRDA:26,6,1,5
BRDA:33,7,0,0
BRDA:33,7,1,0
BRDA:34,8,0,0
BRDA:34,8,1,0
BRF:18
BRH:11
end_of_record
