<?xml version="1.0" encoding="UTF-8"?>
<coverage generated="1689023020991" clover="3.2.0">
  <project timestamp="1689023020991" name="All files">
    <metrics statements="14" coveredstatements="3" conditionals="2" coveredconditionals="0" methods="10" coveredmethods="3" elements="26" coveredelements="6" complexity="0" loc="14" ncloc="14" packages="1" files="2" classes="2"/>
    <file name="music.repository.js" path="C:\Users\danie\Documents\dev\teste\src\music\music.repository.js">
      <metrics statements="12" coveredstatements="1" conditionals="2" coveredconditionals="0" methods="7" coveredmethods="0"/>
      <line num="1" count="1" type="stmt"/>
      <line num="5" count="0" type="stmt"/>
      <line num="6" count="0" type="stmt"/>
      <line num="11" count="0" type="stmt"/>
      <line num="12" count="0" type="cond" truecount="0" falsecount="2"/>
      <line num="14" count="0" type="stmt"/>
      <line num="18" count="0" type="stmt"/>
      <line num="22" count="0" type="stmt"/>
      <line num="23" count="0" type="stmt"/>
      <line num="24" count="0" type="stmt"/>
      <line num="27" count="0" type="stmt"/>
      <line num="31" count="0" type="stmt"/>
    </file>
    <file name="music.service.js" path="C:\Users\danie\Documents\dev\teste\src\music\music.service.js">
      <metrics statements="2" coveredstatements="2" conditionals="0" coveredconditionals="0" methods="3" coveredmethods="3"/>
      <line num="7" count="2" type="stmt"/>
      <line num="11" count="1" type="stmt"/>
    </file>
  </project>
</coverage>
