<?xml version="1.0" encoding="UTF-8"?>
<coverage generated="1689087291318" clover="3.2.0">
  <project timestamp="1689087291318" name="All files">
    <metrics statements="24" coveredstatements="11" conditionals="16" coveredconditionals="11" methods="10" coveredmethods="3" elements="50" coveredelements="25" complexity="0" loc="24" ncloc="24" packages="1" files="2" classes="2"/>
    <file name="music.repository.js" path="C:\Users\danie\Documents\dev\teste\src\music\music.repository.js">
      <metrics statements="11" coveredstatements="1" conditionals="2" coveredconditionals="0" methods="7" coveredmethods="0"/>
      <line num="1" count="1" type="stmt"/>
      <line num="5" count="0" type="stmt"/>
      <line num="10" count="0" type="stmt"/>
      <line num="11" count="0" type="cond" truecount="0" falsecount="2"/>
      <line num="13" count="0" type="stmt"/>
      <line num="17" count="0" type="stmt"/>
      <line num="21" count="0" type="stmt"/>
      <line num="22" count="0" type="stmt"/>
      <line num="23" count="0" type="stmt"/>
      <line num="26" count="0" type="stmt"/>
      <line num="30" count="0" type="stmt"/>
    </file>
    <file name="music.service.js" path="C:\Users\danie\Documents\dev\teste\src\music\music.service.js">
      <metrics statements="13" coveredstatements="10" conditionals="14" coveredconditionals="11" methods="3" coveredmethods="3"/>
      <line num="7" count="6" type="stmt"/>
      <line num="8" count="6" type="cond" truecount="2" falsecount="0"/>
      <line num="9" count="1" type="stmt"/>
      <line num="12" count="5" type="cond" truecount="2" falsecount="0"/>
      <line num="13" count="5" type="cond" truecount="1" falsecount="1"/>
      <line num="14" count="0" type="stmt"/>
      <line num="17" count="5" type="cond" truecount="2" falsecount="0"/>
      <line num="18" count="5" type="cond" truecount="1" falsecount="1"/>
      <line num="19" count="0" type="stmt"/>
      <line num="22" count="5" type="cond" truecount="3" falsecount="1"/>
      <line num="23" count="0" type="stmt"/>
      <line num="25" count="5" type="stmt"/>
      <line num="29" count="5" type="stmt"/>
    </file>
  </project>
</coverage>
