{"C:\\Users\\danie\\Documents\\dev\\teste\\src\\music\\music.repository.js": {"path":"C:\\Users\\danie\\Documents\\dev\\teste\\src\\music\\music.repository.js","statementMap":{"0":{"start":{"line":1,"column":15},"end":{"line":1,"column":17}},"1":{"start":{"line":5,"column":4},"end":{"line":5,"column":22}},"2":{"start":{"line":6,"column":4},"end":{"line":6,"column":16}},"3":{"start":{"line":11,"column":23},"end":{"line":13,"column":5}},"4":{"start":{"line":12,"column":26},"end":{"line":12,"column":100}},"5":{"start":{"line":14,"column":4},"end":{"line":14,"column":32}},"6":{"start":{"line":18,"column":4},"end":{"line":18,"column":24}},"7":{"start":{"line":22,"column":4},"end":{"line":22,"column":31}},"8":{"start":{"line":23,"column":23},"end":{"line":25,"column":5}},"9":{"start":{"line":24,"column":26},"end":{"line":24,"column":54}},"10":{"start":{"line":27,"column":4},"end":{"line":27,"column":29}},"11":{"start":{"line":31,"column":4},"end":{"line":31,"column":29}}},"fnMap":{"0":{"name":"addMusic","decl":{"start":{"line":4,"column":9},"end":{"line":4,"column":17}},"loc":{"start":{"line":4,"column":26},"end":{"line":7,"column":1}},"line":4},"1":{"name":"removeMusic","decl":{"start":{"line":10,"column":9},"end":{"line":10,"column":20}},"loc":{"start":{"line":10,"column":29},"end":{"line":15,"column":1}},"line":10},"2":{"name":"(anonymous_2)","decl":{"start":{"line":12,"column":8},"end":{"line":12,"column":9}},"loc":{"start":{"line":12,"column":26},"end":{"line":12,"column":100}},"line":12},"3":{"name":"getQtMusics","decl":{"start":{"line":17,"column":9},"end":{"line":17,"column":20}},"loc":{"start":{"line":17,"column":24},"end":{"line":19,"column":1}},"line":17},"4":{"name":"searchMusic","decl":{"start":{"line":21,"column":9},"end":{"line":21,"column":20}},"loc":{"start":{"line":21,"column":29},"end":{"line":28,"column":1}},"line":21},"5":{"name":"(anonymous_5)","decl":{"start":{"line":24,"column":8},"end":{"line":24,"column":9}},"loc":{"start":{"line":24,"column":26},"end":{"line":24,"column":54}},"line":24},"6":{"name":"listAllMusics","decl":{"start":{"line":30,"column":9},"end":{"line":30,"column":22}},"loc":{"start":{"line":30,"column":26},"end":{"line":32,"column":1}},"line":30}},"branchMap":{"0":{"loc":{"start":{"line":12,"column":26},"end":{"line":12,"column":100}},"type":"binary-expr","locations":[{"start":{"line":12,"column":26},"end":{"line":12,"column":60}},{"start":{"line":12,"column":64},"end":{"line":12,"column":100}}],"line":12}},"s":{"0":1,"1":0,"2":0,"3":0,"4":0,"5":0,"6":0,"7":0,"8":0,"9":0,"10":0,"11":0},"f":{"0":0,"1":0,"2":0,"3":0,"4":0,"5":0,"6":0},"b":{"0":[0,0]},"_coverageSchema":"1a1c01bbd47fc00a2c39e90264f33305004495a9","hash":"a50a80a36edfe496c552e144464248f75710938b"}
,"C:\\Users\\danie\\Documents\\dev\\teste\\src\\music\\music.service.js": {"path":"C:\\Users\\danie\\Documents\\dev\\teste\\src\\music\\music.service.js","statementMap":{"0":{"start":{"line":7,"column":8},"end":{"line":7,"column":46}},"1":{"start":{"line":11,"column":8},"end":{"line":11,"column":44}}},"fnMap":{"0":{"name":"(anonymous_0)","decl":{"start":{"line":4,"column":4},"end":{"line":4,"column":5}},"loc":{"start":{"line":4,"column":19},"end":{"line":4,"column":21}},"line":4},"1":{"name":"(anonymous_1)","decl":{"start":{"line":6,"column":4},"end":{"line":6,"column":5}},"loc":{"start":{"line":6,"column":15},"end":{"line":8,"column":5}},"line":6},"2":{"name":"(anonymous_2)","decl":{"start":{"line":10,"column":4},"end":{"line":10,"column":5}},"loc":{"start":{"line":10,"column":17},"end":{"line":12,"column":5}},"line":10}},"branchMap":{},"s":{"0":2,"1":1},"f":{"0":1,"1":2,"2":1},"b":{},"_coverageSchema":"1a1c01bbd47fc00a2c39e90264f33305004495a9","hash":"c38599c3efa070ccf9cc1eb50c01293322f64bf1"}
}
