{"C:\\Users\\danie\\Documents\\dev\\teste\\src\\music\\music.repository.js": {"path":"C:\\Users\\danie\\Documents\\dev\\teste\\src\\music\\music.repository.js","statementMap":{"0":{"start":{"line":1,"column":15},"end":{"line":1,"column":17}},"1":{"start":{"line":5,"column":4},"end":{"line":5,"column":29}},"2":{"start":{"line":10,"column":23},"end":{"line":12,"column":5}},"3":{"start":{"line":11,"column":26},"end":{"line":11,"column":100}},"4":{"start":{"line":13,"column":4},"end":{"line":13,"column":32}},"5":{"start":{"line":17,"column":4},"end":{"line":17,"column":24}},"6":{"start":{"line":21,"column":4},"end":{"line":21,"column":31}},"7":{"start":{"line":22,"column":23},"end":{"line":24,"column":5}},"8":{"start":{"line":23,"column":26},"end":{"line":23,"column":54}},"9":{"start":{"line":26,"column":4},"end":{"line":26,"column":29}},"10":{"start":{"line":30,"column":4},"end":{"line":30,"column":29}}},"fnMap":{"0":{"name":"addMusic","decl":{"start":{"line":4,"column":9},"end":{"line":4,"column":17}},"loc":{"start":{"line":4,"column":26},"end":{"line":6,"column":1}},"line":4},"1":{"name":"removeMusic","decl":{"start":{"line":9,"column":9},"end":{"line":9,"column":20}},"loc":{"start":{"line":9,"column":29},"end":{"line":14,"column":1}},"line":9},"2":{"name":"(anonymous_2)","decl":{"start":{"line":11,"column":8},"end":{"line":11,"column":9}},"loc":{"start":{"line":11,"column":26},"end":{"line":11,"column":100}},"line":11},"3":{"name":"getQtMusics","decl":{"start":{"line":16,"column":9},"end":{"line":16,"column":20}},"loc":{"start":{"line":16,"column":24},"end":{"line":18,"column":1}},"line":16},"4":{"name":"searchMusic","decl":{"start":{"line":20,"column":9},"end":{"line":20,"column":20}},"loc":{"start":{"line":20,"column":29},"end":{"line":27,"column":1}},"line":20},"5":{"name":"(anonymous_5)","decl":{"start":{"line":23,"column":8},"end":{"line":23,"column":9}},"loc":{"start":{"line":23,"column":26},"end":{"line":23,"column":54}},"line":23},"6":{"name":"listAllMusics","decl":{"start":{"line":29,"column":9},"end":{"line":29,"column":22}},"loc":{"start":{"line":29,"column":26},"end":{"line":31,"column":1}},"line":29}},"branchMap":{"0":{"loc":{"start":{"line":11,"column":26},"end":{"line":11,"column":100}},"type":"binary-expr","locations":[{"start":{"line":11,"column":26},"end":{"line":11,"column":60}},{"start":{"line":11,"column":64},"end":{"line":11,"column":100}}],"line":11}},"s":{"0":1,"1":0,"2":0,"3":0,"4":0,"5":0,"6":0,"7":0,"8":0,"9":0,"10":0},"f":{"0":0,"1":0,"2":0,"3":0,"4":0,"5":0,"6":0},"b":{"0":[0,0]},"_coverageSchema":"1a1c01bbd47fc00a2c39e90264f33305004495a9","hash":"e07da3b0fccbdf5417491971845611ad440faa28"}
,"C:\\Users\\danie\\Documents\\dev\\teste\\src\\music\\music.service.js": {"path":"C:\\Users\\danie\\Documents\\dev\\teste\\src\\music\\music.service.js","statementMap":{"0":{"start":{"line":7,"column":27},"end":{"line":7,"column":61}},"1":{"start":{"line":8,"column":8},"end":{"line":10,"column":9}},"2":{"start":{"line":9,"column":12},"end":{"line":9,"column":49}},"3":{"start":{"line":12,"column":29},"end":{"line":12,"column":67}},"4":{"start":{"line":13,"column":8},"end":{"line":15,"column":9}},"5":{"start":{"line":14,"column":12},"end":{"line":14,"column":62}},"6":{"start":{"line":17,"column":30},"end":{"line":17,"column":69}},"7":{"start":{"line":18,"column":8},"end":{"line":20,"column":9}},"8":{"start":{"line":19,"column":12},"end":{"line":19,"column":63}},"9":{"start":{"line":22,"column":8},"end":{"line":24,"column":9}},"10":{"start":{"line":23,"column":12},"end":{"line":23,"column":56}},"11":{"start":{"line":25,"column":8},"end":{"line":25,"column":46}},"12":{"start":{"line":29,"column":8},"end":{"line":29,"column":44}}},"fnMap":{"0":{"name":"(anonymous_0)","decl":{"start":{"line":4,"column":4},"end":{"line":4,"column":5}},"loc":{"start":{"line":4,"column":19},"end":{"line":4,"column":21}},"line":4},"1":{"name":"(anonymous_1)","decl":{"start":{"line":6,"column":4},"end":{"line":6,"column":5}},"loc":{"start":{"line":6,"column":15},"end":{"line":26,"column":5}},"line":6},"2":{"name":"(anonymous_2)","decl":{"start":{"line":28,"column":4},"end":{"line":28,"column":5}},"loc":{"start":{"line":28,"column":17},"end":{"line":30,"column":5}},"line":28}},"branchMap":{"0":{"loc":{"start":{"line":8,"column":8},"end":{"line":10,"column":9}},"type":"if","locations":[{"start":{"line":8,"column":8},"end":{"line":10,"column":9}},{"start":{},"end":{}}],"line":8},"1":{"loc":{"start":{"line":12,"column":29},"end":{"line":12,"column":67}},"type":"binary-expr","locations":[{"start":{"line":12,"column":29},"end":{"line":12,"column":45}},{"start":{"line":12,"column":49},"end":{"line":12,"column":67}}],"line":12},"2":{"loc":{"start":{"line":13,"column":8},"end":{"line":15,"column":9}},"type":"if","locations":[{"start":{"line":13,"column":8},"end":{"line":15,"column":9}},{"start":{},"end":{}}],"line":13},"3":{"loc":{"start":{"line":17,"column":30},"end":{"line":17,"column":69}},"type":"binary-expr","locations":[{"start":{"line":17,"column":30},"end":{"line":17,"column":47}},{"start":{"line":17,"column":51},"end":{"line":17,"column":69}}],"line":17},"4":{"loc":{"start":{"line":18,"column":8},"end":{"line":20,"column":9}},"type":"if","locations":[{"start":{"line":18,"column":8},"end":{"line":20,"column":9}},{"start":{},"end":{}}],"line":18},"5":{"loc":{"start":{"line":22,"column":8},"end":{"line":24,"column":9}},"type":"if","locations":[{"start":{"line":22,"column":8},"end":{"line":24,"column":9}},{"start":{},"end":{}}],"line":22},"6":{"loc":{"start":{"line":22,"column":12},"end":{"line":22,"column":65}},"type":"binary-expr","locations":[{"start":{"line":22,"column":12},"end":{"line":22,"column":37}},{"start":{"line":22,"column":41},"end":{"line":22,"column":65}}],"line":22}},"s":{"0":10,"1":10,"2":5,"3":5,"4":5,"5":0,"6":5,"7":5,"8":0,"9":5,"10":0,"11":5,"12":5},"f":{"0":1,"1":10,"2":5},"b":{"0":[5,5],"1":[5,5],"2":[0,5],"3":[5,5],"4":[0,5],"5":[0,5],"6":[5,5]},"_coverageSchema":"1a1c01bbd47fc00a2c39e90264f33305004495a9","hash":"4c80388bbcd78f0b8af8327baba3b091f5488fd3"}
}
