TN:
SF:src\music\music.repository.js
FN:4,addMusic
FN:10,removeMusic
FN:12,(anonymous_2)
FN:17,getQtMusics
FN:21,searchMusic
FN:24,(anonymous_5)
FN:30,listAllMusics
FNF:7
FNH:0
FNDA:0,addMusic
FNDA:0,removeMusic
FNDA:0,(anonymous_2)
FNDA:0,getQtMusics
FNDA:0,searchMusic
FNDA:0,(anonymous_5)
FNDA:0,listAllMusics
DA:1,1
DA:5,0
DA:6,0
DA:11,0
DA:12,0
DA:14,0
DA:18,0
DA:22,0
DA:23,0
DA:24,0
DA:27,0
DA:31,0
LF:12
LH:1
BRDA:12,0,0,0
BRDA:12,0,1,0
BRF:2
BRH:0
end_of_record
TN:
SF:src\music\music.service.js
FN:4,(anonymous_0)
FN:6,(anonymous_1)
FN:10,(anonymous_2)
FNF:3
FNH:3
FNDA:1,(anonymous_0)
FNDA:2,(anonymous_1)
FNDA:1,(anonymous_2)
DA:7,2
DA:11,1
LF:2
LH:2
BRF:0
BRH:0
end_of_record
