TN:
SF:src\music\music.repository.js
FN:4,addMusic
FN:9,removeMusic
FN:11,(anonymous_2)
FN:16,getQtMusics
FN:20,searchMusic
FN:23,(anonymous_5)
FN:29,listAllMusics
FNF:7
FNH:0
FNDA:0,addMusic
FNDA:0,removeMusic
FNDA:0,(anonymous_2)
FNDA:0,getQtMusics
FNDA:0,searchMusic
FNDA:0,(anonymous_5)
FNDA:0,listAllMusics
DA:1,1
DA:5,0
DA:10,0
DA:11,0
DA:13,0
DA:17,0
DA:21,0
DA:22,0
DA:23,0
DA:26,0
DA:30,0
LF:11
LH:1
BRDA:11,0,0,0
BRDA:11,0,1,0
BRF:2
BRH:0
end_of_record
TN:
SF:src\music\music.service.js
FN:4,(anonymous_0)
FN:6,(anonymous_1)
FN:28,(anonymous_2)
FNF:3
FNH:3
FNDA:1,(anonymous_0)
FNDA:6,(anonymous_1)
FNDA:5,(anonymous_2)
DA:7,6
DA:8,6
DA:9,1
DA:12,5
DA:13,5
DA:14,0
DA:17,5
DA:18,5
DA:19,0
DA:22,5
DA:23,0
DA:25,5
DA:29,5
LF:13
LH:10
BRDA:8,0,0,1
BRDA:8,0,1,5
BRDA:12,1,0,5
BRDA:12,1,1,5
BRDA:13,2,0,0
BRDA:13,2,1,5
BRDA:17,3,0,5
BRDA:17,3,1,5
BRDA:18,4,0,0
BRDA:18,4,1,5
BRDA:22,5,0,0
BRDA:22,5,1,5
BRDA:22,6,0,5
BRDA:22,6,1,5
BRF:14
BRH:11
end_of_record
